<?xml version="1.0" encoding="UTF-8"?>
<!-- Generated by org.testng.reporters.JUnitReportReporter -->
<testsuite skipped="0" hostname="AshvinsLaptop" name="Pracice.E2EFramework.LoginPageTest" tests="2" failures="0" timestamp="2020-05-07T23:52:21 BST" time="23.355" errors="0">
  <testcase name="getLogin" time="12.031" classname="Pracice.E2EFramework.LoginPageTest"/>
  <system-out/>
  <testcase name="getLogin" time="11.324" classname="Pracice.E2EFramework.LoginPageTest"/>
  <system-out/>
</testsuite> <!-- Pracice.E2EFramework.LoginPageTest -->
