<?xml version="1.0" encoding="UTF-8"?>
<!-- Generated by org.testng.reporters.JUnitReportReporter -->
<testsuite skipped="0" hostname="AshvinsLaptop" name="Pracice.E2EFramework.LandingPageTest" tests="5" failures="0" timestamp="2020-06-22T12:58:13 BST" time="7.815" errors="0">
  <testcase name="verifyLogo" time="2.688" classname="Pracice.E2EFramework.LandingPageTest"/>
  <system-out/>
  <testcase name="verifyNavigationBar" time="0.828" classname="Pracice.E2EFramework.LandingPageTest"/>
  <system-out/>
  <testcase name="verifyTelNo" time="0.721" classname="Pracice.E2EFramework.LandingPageTest"/>
  <system-out/>
  <testcase name="verifyBannerText" time="0.707" classname="Pracice.E2EFramework.LandingPageTest"/>
  <system-out/>
  <testcase name="navigateLandingPage" time="2.871" classname="Pracice.E2EFramework.LandingPageTest"/>
  <system-out/>
</testsuite> <!-- Pracice.E2EFramework.LandingPageTest -->
