<?xml version="1.0" encoding="UTF-8"?>
<!-- Generated by org.testng.reporters.JUnitReportReporter -->
<testsuite skipped="0" hostname="AshvinsLaptop" name="Pracice.E2EFramework.LandingPageTest" tests="5" failures="0" timestamp="2020-09-23T15:01:32 BST" time="6.500" errors="0">
  <testcase name="verifyLogo" time="2.784" classname="Pracice.E2EFramework.LandingPageTest"/>
  <system-out/>
  <testcase name="verifyNavigationBar" time="0.720" classname="Pracice.E2EFramework.LandingPageTest"/>
  <system-out/>
  <testcase name="verifyTelNo" time="0.694" classname="Pracice.E2EFramework.LandingPageTest"/>
  <system-out/>
  <testcase name="verifyBannerText" time="0.656" classname="Pracice.E2EFramework.LandingPageTest"/>
  <system-out/>
  <testcase name="navigateLandingPage" time="1.646" classname="Pracice.E2EFramework.LandingPageTest"/>
  <system-out/>
</testsuite> <!-- Pracice.E2EFramework.LandingPageTest -->
