<?xml version="1.0" encoding="UTF-8"?>
<!-- Generated by org.testng.reporters.JUnitReportReporter -->
<testsuite skipped="0" hostname="AshvinsLaptop" name="Pracice.E2EFramework.HomePageTest" tests="2" failures="0" timestamp="2020-09-23T14:49:22 BST" time="6.763" errors="0">
  <testcase name="getLogin" time="2.055" classname="Pracice.E2EFramework.HomePageTest"/>
  <system-out/>
  <testcase name="getLogin" time="4.708" classname="Pracice.E2EFramework.HomePageTest"/>
  <system-out/>
</testsuite> <!-- Pracice.E2EFramework.HomePageTest -->
