<?xml version="1.0" encoding="UTF-8"?>
<!-- Generated by org.testng.reporters.JUnitReportReporter -->
<testsuite skipped="0" hostname="AshvinsLaptop" name="Pracice.E2EFramework.HomePageTest" tests="2" failures="0" timestamp="2020-07-15T23:03:21 BST" time="5.374" errors="0">
  <testcase name="getLogin" time="3.739" classname="Pracice.E2EFramework.HomePageTest"/>
  <system-out/>
  <testcase name="getLogin" time="1.635" classname="Pracice.E2EFramework.HomePageTest"/>
  <system-out/>
</testsuite> <!-- Pracice.E2EFramework.HomePageTest -->
