<?xml version="1.0" encoding="UTF-8"?>
<!-- Generated by org.testng.reporters.JUnitReportReporter -->
<testsuite skipped="0" hostname="AshvinsLaptop" name="Pracice.E2EFramework.HomePage" tests="1" failures="0" timestamp="2020-05-07T21:42:48 BST" time="13.381" errors="0">
  <testcase name="openBrowser" time="13.381" classname="Pracice.E2EFramework.HomePage"/>
  <system-out/>
</testsuite> <!-- Pracice.E2EFramework.HomePage -->
