<?xml version="1.0" encoding="UTF-8"?>
<!-- Generated by org.testng.reporters.JUnitReportReporter -->
<testsuite skipped="0" hostname="AshvinsLaptop" name="Pracice.E2EFramework.RegisterPageTest" tests="4" failures="0" timestamp="2020-06-09T01:18:11 BST" time="16.754" errors="0">
  <testcase name="verifyRegisterPage" time="4.508" classname="Pracice.E2EFramework.RegisterPageTest"/>
  <system-out/>
  <testcase name="verifylogo" time="2.976" classname="Pracice.E2EFramework.RegisterPageTest"/>
  <system-out/>
  <testcase name="registerForm" time="5.230" classname="Pracice.E2EFramework.RegisterPageTest"/>
  <system-out/>
  <testcase name="registerFormError" time="4.040" classname="Pracice.E2EFramework.RegisterPageTest"/>
  <system-out/>
</testsuite> <!-- Pracice.E2EFramework.RegisterPageTest -->
