<?xml version="1.0" encoding="UTF-8"?>
<!-- Generated by org.testng.reporters.JUnitReportReporter -->
<testsuite skipped="0" hostname="AshvinsLaptop" name="Pracice.E2EFramework.LandingPageTest" tests="5" failures="0" timestamp="2020-06-09T01:18:11 BST" time="6.911" errors="0">
  <testcase name="verifyLogo" time="2.206" classname="Pracice.E2EFramework.LandingPageTest"/>
  <system-out/>
  <testcase name="verifyNavigationBar" time="0.653" classname="Pracice.E2EFramework.LandingPageTest"/>
  <system-out/>
  <testcase name="verifyTelNo" time="0.619" classname="Pracice.E2EFramework.LandingPageTest"/>
  <system-out/>
  <testcase name="verifyBannerText" time="0.644" classname="Pracice.E2EFramework.LandingPageTest"/>
  <system-out/>
  <testcase name="navigateLandingPage" time="2.789" classname="Pracice.E2EFramework.LandingPageTest"/>
  <system-out/>
</testsuite> <!-- Pracice.E2EFramework.LandingPageTest -->
