<?xml version="1.0" encoding="UTF-8"?>
<!-- Generated by org.testng.reporters.JUnitReportReporter -->
<testsuite skipped="0" hostname="AshvinsLaptop" name="Pracice.E2EFramework.HomePageTest" tests="2" failures="0" timestamp="2020-06-09T01:18:11 BST" time="11.815" errors="0">
  <testcase name="getLogin" time="6.315" classname="Pracice.E2EFramework.HomePageTest"/>
  <system-out/>
  <testcase name="getLogin" time="5.500" classname="Pracice.E2EFramework.HomePageTest"/>
  <system-out/>
</testsuite> <!-- Pracice.E2EFramework.HomePageTest -->
